[0.388s] Invoking command in '/home/rony/Documents/inmind/Session05/Rony-Temperature-ROS/ros2_ws/src/temperature_monitor': PYTHONPATH=/home/rony/Documents/inmind/Session05/Rony-Temperature-ROS/ros2_ws/src/build/temperature_monitor/prefix_override:/usr/lib/python3/dist-packages/colcon_core/task/python/colcon_distutils_commands:/home/rony/Documents/inmind/Session05/Rony-Temperature-ROS/ros2_ws/src/install/temperature_monitor/lib/python3.10/site-packages:${PYTHONPATH} /usr/bin/python3 -W ignore:setup.py install is deprecated setup.py egg_info --egg-base ../build/temperature_monitor build --build-base /home/rony/Documents/inmind/Session05/Rony-Temperature-ROS/ros2_ws/src/build/temperature_monitor/build install --record /home/rony/Documents/inmind/Session05/Rony-Temperature-ROS/ros2_ws/src/build/temperature_monitor/install.log --single-version-externally-managed install_data
[0.539s] running egg_info
[0.540s] writing ../build/temperature_monitor/temperature_monitor.egg-info/PKG-INFO
[0.540s] writing dependency_links to ../build/temperature_monitor/temperature_monitor.egg-info/dependency_links.txt
[0.540s] writing entry points to ../build/temperature_monitor/temperature_monitor.egg-info/entry_points.txt
[0.540s] writing requirements to ../build/temperature_monitor/temperature_monitor.egg-info/requires.txt
[0.540s] writing top-level names to ../build/temperature_monitor/temperature_monitor.egg-info/top_level.txt
[0.542s] reading manifest file '../build/temperature_monitor/temperature_monitor.egg-info/SOURCES.txt'
[0.542s] writing manifest file '../build/temperature_monitor/temperature_monitor.egg-info/SOURCES.txt'
[0.542s] running build
[0.542s] running build_py
[0.543s] copying temperature_monitor/threshold_alerter.py -> /home/rony/Documents/inmind/Session05/Rony-Temperature-ROS/ros2_ws/src/build/temperature_monitor/build/lib/temperature_monitor
[0.543s] copying temperature_monitor/temperature_meter.py -> /home/rony/Documents/inmind/Session05/Rony-Temperature-ROS/ros2_ws/src/build/temperature_monitor/build/lib/temperature_monitor
[0.543s] running install
[0.543s] running install_lib
[0.544s] copying /home/rony/Documents/inmind/Session05/Rony-Temperature-ROS/ros2_ws/src/build/temperature_monitor/build/lib/temperature_monitor/threshold_alerter.py -> /home/rony/Documents/inmind/Session05/Rony-Temperature-ROS/ros2_ws/src/install/temperature_monitor/lib/python3.10/site-packages/temperature_monitor
[0.544s] copying /home/rony/Documents/inmind/Session05/Rony-Temperature-ROS/ros2_ws/src/build/temperature_monitor/build/lib/temperature_monitor/temperature_meter.py -> /home/rony/Documents/inmind/Session05/Rony-Temperature-ROS/ros2_ws/src/install/temperature_monitor/lib/python3.10/site-packages/temperature_monitor
[0.544s] byte-compiling /home/rony/Documents/inmind/Session05/Rony-Temperature-ROS/ros2_ws/src/install/temperature_monitor/lib/python3.10/site-packages/temperature_monitor/threshold_alerter.py to threshold_alerter.cpython-310.pyc
[0.545s] byte-compiling /home/rony/Documents/inmind/Session05/Rony-Temperature-ROS/ros2_ws/src/install/temperature_monitor/lib/python3.10/site-packages/temperature_monitor/temperature_meter.py to temperature_meter.cpython-310.pyc
[0.545s] running install_data
[0.545s] running install_egg_info
[0.546s] removing '/home/rony/Documents/inmind/Session05/Rony-Temperature-ROS/ros2_ws/src/install/temperature_monitor/lib/python3.10/site-packages/temperature_monitor-0.0.0-py3.10.egg-info' (and everything under it)
[0.547s] Copying ../build/temperature_monitor/temperature_monitor.egg-info to /home/rony/Documents/inmind/Session05/Rony-Temperature-ROS/ros2_ws/src/install/temperature_monitor/lib/python3.10/site-packages/temperature_monitor-0.0.0-py3.10.egg-info
[0.547s] running install_scripts
[0.561s] Installing alert_publisher_node script to /home/rony/Documents/inmind/Session05/Rony-Temperature-ROS/ros2_ws/src/install/temperature_monitor/lib/temperature_monitor
[0.561s] Installing temperature_meter_node script to /home/rony/Documents/inmind/Session05/Rony-Temperature-ROS/ros2_ws/src/install/temperature_monitor/lib/temperature_monitor
[0.561s] Installing threshold_alerter_node script to /home/rony/Documents/inmind/Session05/Rony-Temperature-ROS/ros2_ws/src/install/temperature_monitor/lib/temperature_monitor
[0.562s] writing list of installed files to '/home/rony/Documents/inmind/Session05/Rony-Temperature-ROS/ros2_ws/src/build/temperature_monitor/install.log'
[0.579s] Invoked command in '/home/rony/Documents/inmind/Session05/Rony-Temperature-ROS/ros2_ws/src/temperature_monitor' returned '0': PYTHONPATH=/home/rony/Documents/inmind/Session05/Rony-Temperature-ROS/ros2_ws/src/build/temperature_monitor/prefix_override:/usr/lib/python3/dist-packages/colcon_core/task/python/colcon_distutils_commands:/home/rony/Documents/inmind/Session05/Rony-Temperature-ROS/ros2_ws/src/install/temperature_monitor/lib/python3.10/site-packages:${PYTHONPATH} /usr/bin/python3 -W ignore:setup.py install is deprecated setup.py egg_info --egg-base ../build/temperature_monitor build --build-base /home/rony/Documents/inmind/Session05/Rony-Temperature-ROS/ros2_ws/src/build/temperature_monitor/build install --record /home/rony/Documents/inmind/Session05/Rony-Temperature-ROS/ros2_ws/src/build/temperature_monitor/install.log --single-version-externally-managed install_data
